<?xml version="1.0" encoding="UTF-8"?>
<!-- Generated by org.testng.reporters.JUnitReportReporter -->
<testsuite skipped="0" hostname="Dush" name="com.myStore.testing.Car_loan" tests="1" failures="0" timestamp="2022-10-26T17:26:22 IST" time="0.021" errors="0">
  <testcase name="APILoginCarLoan" time="0.021" classname="com.myStore.testing.Car_loan"/>
  <system-out/>
</testsuite> <!-- com.myStore.testing.Car_loan -->
