<?xml version="1.0" encoding="UTF-8"?>
<!-- Generated by org.testng.reporters.JUnitReportReporter -->
<testsuite skipped="0" hostname="Dush.local" name="excelData.WriteExcelData" tests="1" failures="0" timestamp="2022-10-22T09:53:23 IST" time="1.136" errors="0">
  <testcase name="writeDataotExcel" time="1.136" classname="excelData.WriteExcelData"/>
  <system-out/>
</testsuite> <!-- excelData.WriteExcelData -->
