<?xml version="1.0" encoding="UTF-8"?>
<!-- Generated by org.testng.reporters.JUnitReportReporter -->
<testsuite skipped="0" hostname="Dush" name="com.myStore.testing.Personal_loan" tests="1" failures="0" timestamp="2022-10-26T17:26:22 IST" time="0.006" errors="0">
  <testcase name="WebLoginPersonalLoan" time="0.006" classname="com.myStore.testing.Personal_loan"/>
  <system-out/>
</testsuite> <!-- com.myStore.testing.Personal_loan -->
