<?xml version="1.0" encoding="UTF-8"?>
<!-- Generated by org.testng.reporters.JUnitReportReporter -->
<testsuite skipped="0" hostname="Dush" name="com.myStore.testCases.IndexPageTest" tests="2" failures="0" timestamp="2022-10-26T20:37:42 IST" time="40.815" errors="0">
  <testcase name="verifyTitle" time="27.878" classname="com.myStore.testCases.IndexPageTest"/>
  <system-out/>
  <testcase name="verifyLogo" time="12.937" classname="com.myStore.testCases.IndexPageTest"/>
  <system-out/>
</testsuite> <!-- com.myStore.testCases.IndexPageTest -->
