<?xml version="1.0" encoding="UTF-8"?>
<!-- Generated by org.testng.reporters.JUnitReportReporter -->
<testsuite skipped="0" hostname="Dush" name="com.myStore.testCases.OrderPageTest" tests="1" failures="0" timestamp="2022-10-26T20:37:42 IST" time="29.621" errors="0">
  <testcase name="addToCartTest" time="29.621" classname="com.myStore.testCases.OrderPageTest"/>
  <system-out/>
</testsuite> <!-- com.myStore.testCases.OrderPageTest -->
