<?xml version="1.0" encoding="UTF-8"?>
<!-- Generated by org.testng.reporters.JUnitReportReporter -->
<testsuite skipped="0" hostname="Dush" name="com.myStore.testCases.SearchResultPageTest" tests="1" failures="0" timestamp="2022-10-26T20:37:42 IST" time="22.665" errors="0">
  <testcase name="validateProductDisplayed" time="22.665" classname="com.myStore.testCases.SearchResultPageTest"/>
  <system-out/>
</testsuite> <!-- com.myStore.testCases.SearchResultPageTest -->
